[2026-05-04 14:11:57] All required inputs found.
[2026-05-04 14:11:57] Loading GSE95426 contrast table.
[2026-05-04 14:11:57] Loading GSE95426 Script 11.5 flag table.
[2026-05-04 14:11:57] Loading GSE115440 contrast table.
[2026-05-04 14:11:57] Wrote input audit: analysis/03_cross_dataset_concordance/results/tables/cross_dataset_input_audit.csv
[2026-05-04 14:11:57] GSE95426 biological modules: 6 of 7
[2026-05-04 14:11:57] GSE115440 biological modules: 6 of 9
[2026-05-04 14:11:57] Overlapping biological modules: 6
[2026-05-04 14:11:57] Wrote concordance table: analysis/03_cross_dataset_concordance/results/tables/cross_dataset_module_concordance_table.csv
[2026-05-04 14:11:57] Wrote directionality summary: analysis/03_cross_dataset_concordance/results/tables/cross_dataset_directionality_summary.csv
[2026-05-04 14:11:57] Wrote interpretation flags: analysis/03_cross_dataset_concordance/results/tables/cross_dataset_interpretation_flags.csv
[2026-05-04 14:11:57] Wrote conservative summary: analysis/03_cross_dataset_concordance/results/tables/cross_dataset_conservative_summary.txt
[2026-05-04 14:11:58] Wrote heatmap: analysis/03_cross_dataset_concordance/results/figures/cross_dataset_module_effect_size_heatmap.png
[2026-05-04 14:11:59] Wrote tileplot: analysis/03_cross_dataset_concordance/results/figures/cross_dataset_directionality_tileplot.png
[2026-05-04 14:11:59] Sanity checks passed: no RANDOM_CONTROL_200 or negative_control rows in concordance table.
[2026-05-04 14:11:59] Session info:
R version 4.3.3 (2024-02-29)
Platform: x86_64-pc-linux-gnu (64-bit)
Running under: Ubuntu 24.04.4 LTS

Matrix products: default
BLAS:   /usr/lib/x86_64-linux-gnu/blas/libblas.so.3.12.0 
LAPACK: /usr/lib/x86_64-linux-gnu/lapack/liblapack.so.3.12.0

locale:
 [1] LC_CTYPE=C.UTF-8       LC_NUMERIC=C           LC_TIME=C.UTF-8       
 [4] LC_COLLATE=C.UTF-8     LC_MONETARY=C.UTF-8    LC_MESSAGES=C.UTF-8   
 [7] LC_PAPER=C.UTF-8       LC_NAME=C              LC_ADDRESS=C          
[10] LC_TELEPHONE=C         LC_MEASUREMENT=C.UTF-8 LC_IDENTIFICATION=C   

time zone: Etc/UTC
tzcode source: system (glibc)

attached base packages:
[1] stats     graphics  grDevices utils     datasets  methods   base     

other attached packages:
[1] ggplot2_4.0.3 tidyr_1.3.2   dplyr_1.2.1   readr_2.2.0  

loaded via a namespace (and not attached):
 [1] crayon_1.5.3       vctrs_0.7.3        cli_3.6.6          rlang_1.2.0       
 [5] purrr_1.2.2        generics_0.1.4     S7_0.2.2           labeling_0.4.3    
 [9] bit_4.6.0          glue_1.8.1         hms_1.1.4          scales_1.4.0      
[13] grid_4.3.3         tibble_3.3.1       tzdb_0.5.0         lifecycle_1.0.5   
[17] compiler_4.3.3     RColorBrewer_1.1-3 pkgconfig_2.0.3    farver_2.1.2      
[21] R6_2.6.1           tidyselect_1.2.1   parallel_4.3.3     vroom_1.7.1       
[25] pillar_1.11.1      magrittr_2.0.5     tools_4.3.3        withr_3.0.2       
[29] bit64_4.8.0        gtable_0.3.6      
[2026-05-04 14:11:59] Script 05 complete.
