== Script 11.5 START ==
[INFO] Biological target modules retained: 6
[WRITE] analysis/01_anchor_GSE95426/results/tables/GSE95426_script11_5_random_control_summary.csv
[WRITE] analysis/01_anchor_GSE95426/results/tables/GSE95426_script11_5_target_vs_random_empirical_QC.csv
[WRITE] analysis/01_anchor_GSE95426/results/tables/GSE95426_script11_5_module_interpretation_flags.csv
[WRITE] analysis/01_anchor_GSE95426/results/tables/GSE95426_script11_5_sample_level_QC_summary.csv
[WRITE] analysis/01_anchor_GSE95426/results/tables/GSE95426_script11_5_interpretation_caveat.txt
[WRITE] analysis/01_anchor_GSE95426/results/figures/GSE95426_script11_5_random_control_cohens_d_histogram.png
[WRITE] analysis/01_anchor_GSE95426/results/figures/GSE95426_script11_5_target_vs_random_abs_d_plot.png
[WRITE] analysis/01_anchor_GSE95426/results/figures/GSE95426_script11_5_module_score_sample_heatmap.png
== Script 11.5 DONE ==
R version 4.3.3 (2024-02-29)
Platform: x86_64-pc-linux-gnu (64-bit)
Running under: Ubuntu 24.04.4 LTS

Matrix products: default
BLAS:   /usr/lib/x86_64-linux-gnu/blas/libblas.so.3.12.0 
LAPACK: /usr/lib/x86_64-linux-gnu/lapack/liblapack.so.3.12.0

locale:
 [1] LC_CTYPE=C.UTF-8       LC_NUMERIC=C           LC_TIME=C.UTF-8       
 [4] LC_COLLATE=C.UTF-8     LC_MONETARY=C.UTF-8    LC_MESSAGES=C.UTF-8   
 [7] LC_PAPER=C.UTF-8       LC_NAME=C              LC_ADDRESS=C          
[10] LC_TELEPHONE=C         LC_MEASUREMENT=C.UTF-8 LC_IDENTIFICATION=C   

time zone: Etc/UTC
tzcode source: system (glibc)

attached base packages:
[1] stats     graphics  grDevices utils     datasets  methods   base     

other attached packages:
[1] ggplot2_4.0.3 dplyr_1.2.1   readr_2.2.0  

loaded via a namespace (and not attached):
 [1] crayon_1.5.3       vctrs_0.7.3        cli_3.6.6          rlang_1.2.0       
 [5] generics_0.1.4     S7_0.2.2           labeling_0.4.3     glue_1.8.1        
 [9] bit_4.6.0          hms_1.1.4          scales_1.4.0       grid_4.3.3        
[13] tibble_3.3.1       tzdb_0.5.0         lifecycle_1.0.5    compiler_4.3.3    
[17] RColorBrewer_1.1-3 pkgconfig_2.0.3    farver_2.1.2       R6_2.6.1          
[21] tidyselect_1.2.1   parallel_4.3.3     vroom_1.7.1        pillar_1.11.1     
[25] magrittr_2.0.5     tools_4.3.3        withr_3.0.2        bit64_4.8.0       
[29] gtable_0.3.6      
